135486.3686934513
170.0939045380
104.5322886640
100816.7626068285
12555.3824249096
1360.7669958724
2946.7403692305
1059.1889073127
639508.6171659426
13.4051271753
73.2517756612
4.3423292192
1700714.7919399827
158125.2867232874
473.5121460497
1296.9242596721
7
1204852.7266074547
9.1603423450
8
151764.9352123409
1569.3866282075
222663.6372651922
154550.6439419836
113632.1978566384
110.9610241644
936750.6725066018
568.7934319241
3.4142135624
773151.0874582274
22472.7393515811
8140.1289858802
64.3205364883
1366570.0931047113
846.2967555414
115
15
1454608.9433370181
82.1448333432
22351.0488154258
14320.7726884418
1670.4149542539
10.4403065089
14311.9820864830
1440120.1197634693
15843.3035306862
1058630.3284995600
10.9450399668
56.6462480336
4265.7529541180
282.3813309077
1
1505.5924068865
58604.6430413373
152.5114678806
184420.6467768046
15979.4927972674
161994.9013709787
1593.8116918129
97.2705480545
